<?xml version="1.0" encoding="UTF-8"?>
<!-- Generated by org.testng.reporters.JUnitReportReporter -->
<testsuite skipped="0" hostname="DESKTOP-987SG1D" name="com.amazon.qa.base.Demo" tests="1" failures="0" timestamp="2020-07-24T09:27:45 IST" time="25.948" errors="0">
  <testcase name="serch" time="25.948" classname="com.amazon.qa.base.Demo"/>
  <system-out/>
</testsuite> <!-- com.amazon.qa.base.Demo -->
