<?xml version="1.0" encoding="UTF-8"?>
<!-- Generated by org.testng.reporters.JUnitReportReporter -->
<testsuite skipped="0" hostname="DESKTOP-987SG1D" name="com.wordpress.qa.testcases.SearchFlightPageTest" tests="1" failures="0" timestamp="2020-07-24T09:34:11 IST" time="21.951" errors="0">
  <testcase name="SearchFligh" time="21.951" classname="com.wordpress.qa.testcases.SearchFlightPageTest"/>
  <system-out/>
</testsuite> <!-- com.wordpress.qa.testcases.SearchFlightPageTest -->
