<?xml version="1.0" encoding="UTF-8"?>
<!-- Generated by org.testng.reporters.JUnitReportReporter -->
<testsuite skipped="0" hostname="DESKTOP-987SG1D" name="com.wordpress.qa.testcases.GalleryPageTest" tests="1" failures="0" timestamp="2020-08-25T08:46:34 IST" time="27.562" errors="0">
  <testcase name="menuveify" time="27.562" classname="com.wordpress.qa.testcases.GalleryPageTest"/>
  <system-out/>
</testsuite> <!-- com.wordpress.qa.testcases.GalleryPageTest -->
