<?xml version="1.0" encoding="UTF-8"?>
<!-- Generated by org.testng.reporters.JUnitReportReporter -->
<testsuite skipped="0" hostname="DESKTOP-987SG1D" name="com.wordpress.qa.testcases.HomePageTest" tests="6" failures="0" timestamp="2020-08-25T08:46:34 IST" time="160.619" errors="0">
  <testcase name="menuveify" time="20.204" classname="com.wordpress.qa.testcases.HomePageTest"/>
  <system-out/>
  <testcase name="aboutveify" time="33.507" classname="com.wordpress.qa.testcases.HomePageTest"/>
  <system-out/>
  <testcase name="productveify" time="25.371" classname="com.wordpress.qa.testcases.HomePageTest"/>
  <system-out/>
  <testcase name="cropsveify" time="26.710" classname="com.wordpress.qa.testcases.HomePageTest"/>
  <system-out/>
  <testcase name="BPNveify" time="28.293" classname="com.wordpress.qa.testcases.HomePageTest"/>
  <system-out/>
  <testcase name="Galleryveify" time="26.534" classname="com.wordpress.qa.testcases.HomePageTest"/>
  <system-out/>
</testsuite> <!-- com.wordpress.qa.testcases.HomePageTest -->
