<?xml version="1.0" encoding="UTF-8"?>
<!-- Generated by org.testng.reporters.JUnitReportReporter -->
<testsuite skipped="0" hostname="DESKTOP-987SG1D" name="com.wordpress.qa.testcases.IndexPageTest" tests="2" failures="0" timestamp="2020-08-07T15:53:17 IST" time="35.606" errors="0">
  <testcase name="verifilogo" time="21.728" classname="com.wordpress.qa.testcases.IndexPageTest"/>
  <system-out/>
  <testcase name="verifieTital" time="13.878" classname="com.wordpress.qa.testcases.IndexPageTest"/>
  <system-out/>
</testsuite> <!-- com.wordpress.qa.testcases.IndexPageTest -->
